<?xml version="1.0" encoding="UTF-8"?>
<!-- Generated by org.testng.reporters.JUnitReportReporter -->
<testsuite skipped="0" hostname="DESKTOP-L8RR3NI" name="testcases.TC_002" tests="1" failures="0" timestamp="2019-09-03T18:51:37 IST" time="19.333" errors="0">
  <testcase name="tc2" time="19.333" classname="testcases.TC_002"/>
</testsuite> <!-- testcases.TC_002 -->
