<?xml version="1.0" encoding="UTF-8"?>
<!-- Generated by org.testng.reporters.JUnitReportReporter -->
<testsuite skipped="0" hostname="DESKTOP-L8RR3NI" name="testcases.TC_003" tests="1" failures="0" timestamp="2019-09-03T18:51:37 IST" time="23.921" errors="0">
  <testcase name="tc1" time="23.921" classname="testcases.TC_003"/>
</testsuite> <!-- testcases.TC_003 -->
